<?xml version="1.0" encoding="utf-8"?>
<CoverageSession xmlns:xsd="http://www.w3.org/2001/XMLSchema" xmlns:xsi="http://www.w3.org/2001/XMLSchema-instance">
  <Summary numSequencePoints="62" visitedSequencePoints="34" numBranchPoints="18" visitedBranchPoints="8" sequenceCoverage="54.84" branchCoverage="44.44" maxCyclomaticComplexity="3" minCyclomaticComplexity="1" />
  <Modules>
    <Module skippedDueTo="Filter" hash="77-4F-9A-4C-09-29-60-46-23-FD-83-E9-79-2B-F5-77-B5-7F-46-94">
      <FullName>C:\WINDOWS\Microsoft.Net\assembly\GAC_32\mscorlib\v4.0_4.0.0.0__b77a5c561934e089\mscorlib.dll</FullName>
      <ModuleName>mscorlib</ModuleName>
      <Classes />
    </Module>
    <Module skippedDueTo="MissingPdb" hash="37-80-BE-DC-A8-79-2C-78-4A-75-9F-D4-19-B1-3A-5A-48-3E-CA-03">
      <FullName>C:\Program Files (x86)\SharpDevelop\5.1\bin\Tools\NUnit\nunit-console-x86.exe</FullName>
      <ModuleName>nunit-console</ModuleName>
      <Classes />
    </Module>
    <Module skippedDueTo="MissingPdb" hash="33-E1-CA-24-52-5A-B7-C7-C4-AF-91-2C-A9-4A-C0-37-67-0D-5B-FE">
      <FullName>C:\Program Files (x86)\SharpDevelop\5.1\bin\Tools\NUnit\lib\nunit.core.dll</FullName>
      <ModuleName>nunit.core</ModuleName>
      <Classes />
    </Module>
    <Module skippedDueTo="MissingPdb" hash="2A-C4-E5-DE-F3-EE-AD-84-E1-65-84-CC-15-90-76-96-E7-01-44-4E">
      <FullName>C:\Program Files (x86)\SharpDevelop\5.1\bin\Tools\NUnit\lib\nunit-console-runner.dll</FullName>
      <ModuleName>nunit-console-runner</ModuleName>
      <Classes />
    </Module>
    <Module skippedDueTo="MissingPdb" hash="74-74-F6-87-59-E1-5F-4F-5F-5E-6E-82-50-E8-E2-46-D4-86-15-76">
      <FullName>C:\Program Files (x86)\SharpDevelop\5.1\bin\Tools\NUnit\lib\nunit.util.dll</FullName>
      <ModuleName>nunit.util</ModuleName>
      <Classes />
    </Module>
    <Module skippedDueTo="MissingPdb" hash="D3-A4-4D-85-55-F7-CE-EF-A5-90-AA-EF-58-E0-9F-B6-CC-27-99-53">
      <FullName>C:\Program Files (x86)\SharpDevelop\5.1\bin\Tools\NUnit\lib\nunit.core.interfaces.dll</FullName>
      <ModuleName>nunit.core.interfaces</ModuleName>
      <Classes />
    </Module>
    <Module skippedDueTo="Filter" hash="62-13-DF-BA-4D-76-38-3A-FE-E9-5E-D8-6C-07-CC-1D-A2-DE-73-52">
      <FullName>C:\WINDOWS\Microsoft.Net\assembly\GAC_MSIL\System.Configuration\v4.0_4.0.0.0__b03f5f7f11d50a3a\System.Configuration.dll</FullName>
      <ModuleName>System.Configuration</ModuleName>
      <Classes />
    </Module>
    <Module skippedDueTo="Filter" hash="CB-7B-C7-A0-09-0F-BA-F4-8A-02-A9-E9-2A-7B-43-34-93-46-0F-58">
      <FullName>C:\WINDOWS\Microsoft.Net\assembly\GAC_MSIL\System\v4.0_4.0.0.0__b77a5c561934e089\System.dll</FullName>
      <ModuleName>System</ModuleName>
      <Classes />
    </Module>
    <Module skippedDueTo="Filter" hash="D8-63-F1-E9-A7-C7-46-41-84-D7-48-3C-8D-DA-28-7F-0C-FB-DD-A8">
      <FullName>C:\WINDOWS\Microsoft.Net\assembly\GAC_MSIL\System.Xml\v4.0_4.0.0.0__b77a5c561934e089\System.Xml.dll</FullName>
      <ModuleName>System.Xml</ModuleName>
      <Classes />
    </Module>
    <Module skippedDueTo="Filter" hash="95-C2-7F-29-1B-5E-88-C5-62-B1-37-09-E1-F0-97-D4-51-18-8D-2E">
      <FullName>C:\WINDOWS\Microsoft.Net\assembly\GAC_MSIL\System.Runtime.Remoting\v4.0_4.0.0.0__b77a5c561934e089\System.Runtime.Remoting.dll</FullName>
      <ModuleName>System.Runtime.Remoting</ModuleName>
      <Classes />
    </Module>
    <Module skippedDueTo="Filter" hash="4A-F4-16-E3-B7-42-DD-D3-EE-AC-F2-25-BE-F3-D2-88-B2-F6-A0-2F">
      <FullName>C:\WINDOWS\Microsoft.Net\assembly\GAC_MSIL\System.Core\v4.0_4.0.0.0__b77a5c561934e089\System.Core.dll</FullName>
      <ModuleName>System.Core</ModuleName>
      <Classes />
    </Module>
    <Module skippedDueTo="Filter" hash="AD-B3-65-AF-01-D3-34-65-9E-25-69-B0-65-CD-4B-1B-76-10-87-74">
      <FullName>C:\WINDOWS\Microsoft.Net\assembly\GAC_MSIL\mscorlib.resources\v4.0_4.0.0.0_no_b77a5c561934e089\mscorlib.resources.dll</FullName>
      <ModuleName>mscorlib.resources</ModuleName>
      <Classes />
    </Module>
    <Module hash="34-4E-F5-77-5C-20-F0-A4-BD-82-E3-40-33-EF-F4-57-CD-63-08-E4">
      <Summary numSequencePoints="62" visitedSequencePoints="34" numBranchPoints="18" visitedBranchPoints="8" sequenceCoverage="54.84" branchCoverage="44.44" maxCyclomaticComplexity="3" minCyclomaticComplexity="1" />
      <FullName>C:\Users\Håvard\AppData\Local\Temp\nunit20\ShadowCopyCache\3000_636470532292406364\Tests_328972375\assembly\dl3\44d98048\4f4d3b2e_7464d301\BazaarOfTheBizarre.exe</FullName>
      <ModuleName>BazaarOfTheBizarre</ModuleName>
      <Files>
        <File uid="1" fullPath="c:\Users\Håvard\Documents\Skole\Semester 3\Software  Design\BazaarOfTheBizarre\BazaarOfTheBizarre\Customer.cs" />
        <File uid="2" fullPath="c:\Users\Håvard\Documents\Skole\Semester 3\Software  Design\BazaarOfTheBizarre\BazaarOfTheBizarre\Item.cs" />
        <File uid="3" fullPath="c:\Users\Håvard\Documents\Skole\Semester 3\Software  Design\BazaarOfTheBizarre\BazaarOfTheBizarre\Program.cs" />
        <File uid="4" fullPath="c:\Users\Håvard\Documents\Skole\Semester 3\Software  Design\BazaarOfTheBizarre\BazaarOfTheBizarre\Store.cs" />
        <File uid="5" fullPath="c:\Users\Håvard\Documents\Skole\Semester 3\Software  Design\BazaarOfTheBizarre\BazaarOfTheBizarre\StoreTest.cs" />
      </Files>
      <Classes>
        <Class>
          <Summary numSequencePoints="0" visitedSequencePoints="0" numBranchPoints="0" visitedBranchPoints="0" sequenceCoverage="0" branchCoverage="0" maxCyclomaticComplexity="0" minCyclomaticComplexity="0" />
          <FullName>&lt;Module&gt;</FullName>
          <Methods />
        </Class>
        <Class>
          <Summary numSequencePoints="7" visitedSequencePoints="0" numBranchPoints="2" visitedBranchPoints="0" sequenceCoverage="0" branchCoverage="0" maxCyclomaticComplexity="1" minCyclomaticComplexity="1" />
          <FullName>BazaarOfTheBizarre.Customer</FullName>
          <Methods>
            <Method visited="false" cyclomaticComplexity="1" sequenceCoverage="0" branchCoverage="0" isConstructor="false" isStatic="false" isGetter="true" isSetter="false">
              <Summary numSequencePoints="0" visitedSequencePoints="0" numBranchPoints="0" visitedBranchPoints="0" sequenceCoverage="0" branchCoverage="0" maxCyclomaticComplexity="1" minCyclomaticComplexity="1" />
              <MetadataToken>100663298</MetadataToken>
              <Name>System.String BazaarOfTheBizarre.Customer::get_name()</Name>
              <SequencePoints />
              <BranchPoints />
              <MethodPoint vc="0" uspid="1" ordinal="0" offset="0" />
            </Method>
            <Method visited="false" cyclomaticComplexity="1" sequenceCoverage="0" branchCoverage="0" isConstructor="false" isStatic="false" isGetter="false" isSetter="true">
              <Summary numSequencePoints="0" visitedSequencePoints="0" numBranchPoints="0" visitedBranchPoints="0" sequenceCoverage="0" branchCoverage="0" maxCyclomaticComplexity="1" minCyclomaticComplexity="1" />
              <MetadataToken>100663299</MetadataToken>
              <Name>System.Void BazaarOfTheBizarre.Customer::set_name(System.String)</Name>
              <SequencePoints />
              <BranchPoints />
              <MethodPoint vc="0" uspid="2" ordinal="0" offset="0" />
            </Method>
            <Method visited="false" cyclomaticComplexity="1" sequenceCoverage="0" branchCoverage="0" isConstructor="true" isStatic="false" isGetter="false" isSetter="false">
              <Summary numSequencePoints="4" visitedSequencePoints="0" numBranchPoints="1" visitedBranchPoints="0" sequenceCoverage="0" branchCoverage="0" maxCyclomaticComplexity="1" minCyclomaticComplexity="1" />
              <MetadataToken>100663300</MetadataToken>
              <Name>System.Void BazaarOfTheBizarre.Customer::.ctor(System.String)</Name>
              <FileRef uid="1" />
              <SequencePoints>
                <SequencePoint vc="0" uspid="3" ordinal="0" offset="0" sl="16" sc="3" el="16" ec="31" bec="0" bev="0" fileid="1" />
                <SequencePoint vc="0" uspid="4" ordinal="1" offset="7" sl="17" sc="3" el="17" ec="4" bec="0" bev="0" fileid="1" />
                <SequencePoint vc="0" uspid="5" ordinal="2" offset="8" sl="18" sc="4" el="18" ec="21" bec="0" bev="0" fileid="1" />
                <SequencePoint vc="0" uspid="6" ordinal="3" offset="16" sl="19" sc="3" el="19" ec="4" bec="0" bev="0" fileid="1" />
              </SequencePoints>
              <BranchPoints />
              <MethodPoint xsi:type="SequencePoint" vc="0" uspid="3" ordinal="0" offset="0" sl="16" sc="3" el="16" ec="31" bec="0" bev="0" fileid="1" />
            </Method>
            <Method visited="false" cyclomaticComplexity="1" sequenceCoverage="0" branchCoverage="0" isConstructor="false" isStatic="false" isGetter="false" isSetter="false">
              <Summary numSequencePoints="3" visitedSequencePoints="0" numBranchPoints="1" visitedBranchPoints="0" sequenceCoverage="0" branchCoverage="0" maxCyclomaticComplexity="1" minCyclomaticComplexity="1" />
              <MetadataToken>100663301</MetadataToken>
              <Name>System.Boolean BazaarOfTheBizarre.Customer::buyItem(BazaarOfTheBizarre.Item)</Name>
              <FileRef uid="1" />
              <SequencePoints>
                <SequencePoint vc="0" uspid="7" ordinal="0" offset="0" sl="21" sc="31" el="21" ec="32" bec="0" bev="0" fileid="1" />
                <SequencePoint vc="0" uspid="8" ordinal="1" offset="1" sl="22" sc="4" el="22" ec="16" bec="0" bev="0" fileid="1" />
                <SequencePoint vc="0" uspid="9" ordinal="2" offset="5" sl="23" sc="3" el="23" ec="4" bec="0" bev="0" fileid="1" />
              </SequencePoints>
              <BranchPoints />
              <MethodPoint xsi:type="SequencePoint" vc="0" uspid="7" ordinal="0" offset="0" sl="21" sc="31" el="21" ec="32" bec="0" bev="0" fileid="1" />
            </Method>
          </Methods>
        </Class>
        <Class>
          <Summary numSequencePoints="4" visitedSequencePoints="4" numBranchPoints="1" visitedBranchPoints="1" sequenceCoverage="100" branchCoverage="100" maxCyclomaticComplexity="1" minCyclomaticComplexity="1" />
          <FullName>BazaarOfTheBizarre.Item</FullName>
          <Methods>
            <Method visited="false" cyclomaticComplexity="1" sequenceCoverage="0" branchCoverage="0" isConstructor="false" isStatic="false" isGetter="true" isSetter="false">
              <Summary numSequencePoints="0" visitedSequencePoints="0" numBranchPoints="0" visitedBranchPoints="0" sequenceCoverage="0" branchCoverage="0" maxCyclomaticComplexity="1" minCyclomaticComplexity="1" />
              <MetadataToken>100663302</MetadataToken>
              <Name>System.String BazaarOfTheBizarre.Item::get_name()</Name>
              <SequencePoints />
              <BranchPoints />
              <MethodPoint vc="0" uspid="10" ordinal="0" offset="0" />
            </Method>
            <Method visited="true" cyclomaticComplexity="1" sequenceCoverage="0" branchCoverage="0" isConstructor="false" isStatic="false" isGetter="false" isSetter="true">
              <Summary numSequencePoints="0" visitedSequencePoints="0" numBranchPoints="0" visitedBranchPoints="0" sequenceCoverage="0" branchCoverage="0" maxCyclomaticComplexity="1" minCyclomaticComplexity="1" />
              <MetadataToken>100663303</MetadataToken>
              <Name>System.Void BazaarOfTheBizarre.Item::set_name(System.String)</Name>
              <SequencePoints />
              <BranchPoints />
              <MethodPoint vc="3" uspid="11" ordinal="0" offset="0" />
            </Method>
            <Method visited="true" cyclomaticComplexity="1" sequenceCoverage="100" branchCoverage="100" isConstructor="true" isStatic="false" isGetter="false" isSetter="false">
              <Summary numSequencePoints="4" visitedSequencePoints="4" numBranchPoints="1" visitedBranchPoints="1" sequenceCoverage="100" branchCoverage="100" maxCyclomaticComplexity="1" minCyclomaticComplexity="1" />
              <MetadataToken>100663304</MetadataToken>
              <Name>System.Void BazaarOfTheBizarre.Item::.ctor(System.String)</Name>
              <FileRef uid="2" />
              <SequencePoints>
                <SequencePoint vc="3" uspid="12" ordinal="0" offset="0" sl="17" sc="3" el="17" ec="27" bec="0" bev="0" fileid="2" />
                <SequencePoint vc="3" uspid="13" ordinal="1" offset="7" sl="18" sc="3" el="18" ec="4" bec="0" bev="0" fileid="2" />
                <SequencePoint vc="3" uspid="14" ordinal="2" offset="8" sl="19" sc="4" el="19" ec="21" bec="0" bev="0" fileid="2" />
                <SequencePoint vc="3" uspid="15" ordinal="3" offset="16" sl="20" sc="3" el="20" ec="4" bec="0" bev="0" fileid="2" />
              </SequencePoints>
              <BranchPoints />
              <MethodPoint xsi:type="SequencePoint" vc="3" uspid="12" ordinal="0" offset="0" sl="17" sc="3" el="17" ec="27" bec="0" bev="0" fileid="2" />
            </Method>
          </Methods>
        </Class>
        <Class>
          <Summary numSequencePoints="5" visitedSequencePoints="0" numBranchPoints="1" visitedBranchPoints="0" sequenceCoverage="0" branchCoverage="0" maxCyclomaticComplexity="1" minCyclomaticComplexity="1" />
          <FullName>BazaarOfTheBizarre.Program</FullName>
          <Methods>
            <Method visited="false" cyclomaticComplexity="1" sequenceCoverage="0" branchCoverage="0" isConstructor="false" isStatic="true" isGetter="false" isSetter="false">
              <Summary numSequencePoints="5" visitedSequencePoints="0" numBranchPoints="1" visitedBranchPoints="0" sequenceCoverage="0" branchCoverage="0" maxCyclomaticComplexity="1" minCyclomaticComplexity="1" />
              <MetadataToken>100663305</MetadataToken>
              <Name>System.Void BazaarOfTheBizarre.Program::Main(System.String[])</Name>
              <FileRef uid="3" />
              <SequencePoints>
                <SequencePoint vc="0" uspid="16" ordinal="0" offset="0" sl="11" sc="3" el="11" ec="4" bec="0" bev="0" fileid="3" />
                <SequencePoint vc="0" uspid="17" ordinal="1" offset="1" sl="12" sc="4" el="12" ec="55" bec="0" bev="0" fileid="3" />
                <SequencePoint vc="0" uspid="18" ordinal="2" offset="13" sl="13" sc="4" el="13" ec="15" bec="0" bev="0" fileid="3" />
                <SequencePoint vc="0" uspid="19" ordinal="3" offset="20" sl="14" sc="4" el="14" ec="26" bec="0" bev="0" fileid="3" />
                <SequencePoint vc="0" uspid="20" ordinal="4" offset="27" sl="15" sc="3" el="15" ec="4" bec="0" bev="0" fileid="3" />
              </SequencePoints>
              <BranchPoints />
              <MethodPoint xsi:type="SequencePoint" vc="0" uspid="16" ordinal="0" offset="0" sl="11" sc="3" el="11" ec="4" bec="0" bev="0" fileid="3" />
            </Method>
          </Methods>
        </Class>
        <Class>
          <Summary numSequencePoints="41" visitedSequencePoints="25" numBranchPoints="12" visitedBranchPoints="5" sequenceCoverage="60.98" branchCoverage="41.67" maxCyclomaticComplexity="3" minCyclomaticComplexity="1" />
          <FullName>BazaarOfTheBizarre.Store</FullName>
          <Methods>
            <Method visited="false" cyclomaticComplexity="1" sequenceCoverage="0" branchCoverage="0" isConstructor="false" isStatic="false" isGetter="true" isSetter="false">
              <Summary numSequencePoints="0" visitedSequencePoints="0" numBranchPoints="0" visitedBranchPoints="0" sequenceCoverage="0" branchCoverage="0" maxCyclomaticComplexity="1" minCyclomaticComplexity="1" />
              <MetadataToken>100663309</MetadataToken>
              <Name>System.String BazaarOfTheBizarre.Store::get_name()</Name>
              <SequencePoints />
              <BranchPoints />
              <MethodPoint vc="0" uspid="21" ordinal="0" offset="0" />
            </Method>
            <Method visited="true" cyclomaticComplexity="1" sequenceCoverage="0" branchCoverage="0" isConstructor="false" isStatic="false" isGetter="false" isSetter="true">
              <Summary numSequencePoints="0" visitedSequencePoints="0" numBranchPoints="0" visitedBranchPoints="0" sequenceCoverage="0" branchCoverage="0" maxCyclomaticComplexity="1" minCyclomaticComplexity="1" />
              <MetadataToken>100663310</MetadataToken>
              <Name>System.Void BazaarOfTheBizarre.Store::set_name(System.String)</Name>
              <SequencePoints />
              <BranchPoints />
              <MethodPoint vc="1" uspid="22" ordinal="0" offset="0" />
            </Method>
            <Method visited="true" cyclomaticComplexity="1" sequenceCoverage="0" branchCoverage="0" isConstructor="false" isStatic="false" isGetter="true" isSetter="false">
              <Summary numSequencePoints="0" visitedSequencePoints="0" numBranchPoints="0" visitedBranchPoints="0" sequenceCoverage="0" branchCoverage="0" maxCyclomaticComplexity="1" minCyclomaticComplexity="1" />
              <MetadataToken>100663311</MetadataToken>
              <Name>System.Int32 BazaarOfTheBizarre.Store::get_itemcount()</Name>
              <SequencePoints />
              <BranchPoints />
              <MethodPoint vc="5" uspid="23" ordinal="0" offset="0" />
            </Method>
            <Method visited="true" cyclomaticComplexity="1" sequenceCoverage="0" branchCoverage="0" isConstructor="false" isStatic="false" isGetter="false" isSetter="true">
              <Summary numSequencePoints="0" visitedSequencePoints="0" numBranchPoints="0" visitedBranchPoints="0" sequenceCoverage="0" branchCoverage="0" maxCyclomaticComplexity="1" minCyclomaticComplexity="1" />
              <MetadataToken>100663312</MetadataToken>
              <Name>System.Void BazaarOfTheBizarre.Store::set_itemcount(System.Int32)</Name>
              <SequencePoints />
              <BranchPoints />
              <MethodPoint vc="1" uspid="24" ordinal="0" offset="0" />
            </Method>
            <Method visited="true" cyclomaticComplexity="1" sequenceCoverage="100" branchCoverage="100" isConstructor="true" isStatic="false" isGetter="false" isSetter="false">
              <Summary numSequencePoints="7" visitedSequencePoints="7" numBranchPoints="1" visitedBranchPoints="1" sequenceCoverage="100" branchCoverage="100" maxCyclomaticComplexity="1" minCyclomaticComplexity="1" />
              <MetadataToken>100663313</MetadataToken>
              <Name>System.Void BazaarOfTheBizarre.Store::.ctor(System.String,System.Collections.Generic.List`1&lt;BazaarOfTheBizarre.Customer&gt;)</Name>
              <FileRef uid="4" />
              <SequencePoints>
                <SequencePoint vc="1" uspid="25" ordinal="0" offset="0" sl="23" sc="3" el="23" ec="54" bec="0" bev="0" fileid="4" />
                <SequencePoint vc="1" uspid="26" ordinal="1" offset="7" sl="24" sc="3" el="24" ec="4" bec="0" bev="0" fileid="4" />
                <SequencePoint vc="1" uspid="27" ordinal="2" offset="8" sl="25" sc="4" el="25" ec="42" bec="0" bev="0" fileid="4" />
                <SequencePoint vc="1" uspid="28" ordinal="3" offset="19" sl="26" sc="4" el="26" ec="21" bec="0" bev="0" fileid="4" />
                <SequencePoint vc="1" uspid="29" ordinal="4" offset="27" sl="27" sc="4" el="27" ec="31" bec="0" bev="0" fileid="4" />
                <SequencePoint vc="1" uspid="30" ordinal="5" offset="34" sl="28" sc="4" el="28" ec="23" bec="0" bev="0" fileid="4" />
                <SequencePoint vc="1" uspid="31" ordinal="6" offset="42" sl="29" sc="3" el="29" ec="4" bec="0" bev="0" fileid="4" />
              </SequencePoints>
              <BranchPoints />
              <MethodPoint xsi:type="SequencePoint" vc="1" uspid="25" ordinal="0" offset="0" sl="23" sc="3" el="23" ec="54" bec="0" bev="0" fileid="4" />
            </Method>
            <Method visited="false" cyclomaticComplexity="3" sequenceCoverage="0" branchCoverage="0" isConstructor="false" isStatic="false" isGetter="false" isSetter="false">
              <Summary numSequencePoints="14" visitedSequencePoints="0" numBranchPoints="5" visitedBranchPoints="0" sequenceCoverage="0" branchCoverage="0" maxCyclomaticComplexity="3" minCyclomaticComplexity="3" />
              <MetadataToken>100663314</MetadataToken>
              <Name>System.Void BazaarOfTheBizarre.Store::newDay()</Name>
              <FileRef uid="4" />
              <SequencePoints>
                <SequencePoint vc="0" uspid="32" ordinal="0" offset="0" sl="32" sc="3" el="32" ec="4" bec="0" bev="0" fileid="4" />
                <SequencePoint vc="0" uspid="33" ordinal="1" offset="1" sl="33" sc="4" el="33" ec="25" bec="0" bev="0" fileid="4" />
                <SequencePoint vc="0" uspid="34" ordinal="2" offset="3" sl="34" sc="4" el="34" ec="37" bec="0" bev="0" fileid="4" />
                <SequencePoint vc="0" uspid="35" ordinal="3" offset="10" sl="35" sc="4" el="35" ec="11" bec="0" bev="0" fileid="4" />
                <SequencePoint vc="0" uspid="36" ordinal="4" offset="11" sl="35" sc="22" el="35" ec="27" bec="0" bev="0" fileid="4" />
                <SequencePoint vc="0" uspid="37" ordinal="5" offset="20" sl="35" sc="12" el="35" ec="18" bec="0" bev="0" fileid="4" />
                <SequencePoint vc="0" uspid="38" ordinal="6" offset="28" sl="35" sc="29" el="35" ec="30" bec="0" bev="0" fileid="4" />
                <SequencePoint vc="0" uspid="39" ordinal="7" offset="29" sl="36" sc="5" el="36" ec="31" bec="0" bev="0" fileid="4" />
                <SequencePoint vc="0" uspid="40" ordinal="8" offset="41" sl="37" sc="4" el="37" ec="5" bec="0" bev="0" fileid="4" />
                <SequencePoint vc="0" uspid="41" ordinal="9" offset="42" sl="35" sc="19" el="35" ec="21" bec="2" bev="0" fileid="4" />
                <SequencePoint vc="0" uspid="42" ordinal="10" offset="75" sl="38" sc="20" el="38" ec="21" bec="0" bev="0" fileid="4" />
                <SequencePoint vc="0" uspid="43" ordinal="11" offset="76" sl="40" sc="4" el="40" ec="5" bec="0" bev="0" fileid="4" />
                <SequencePoint vc="0" uspid="44" ordinal="12" offset="77" sl="38" sc="4" el="38" ec="19" bec="2" bev="0" fileid="4" />
                <SequencePoint vc="0" uspid="45" ordinal="13" offset="87" sl="45" sc="3" el="45" ec="4" bec="0" bev="0" fileid="4" />
              </SequencePoints>
              <BranchPoints>
                <BranchPoint vc="0" uspid="46" ordinal="0" offset="53" path="0" offsetchain="" offsetend="55" />
                <BranchPoint vc="0" uspid="47" ordinal="1" offset="53" path="1" offsetchain="" offsetend="20" />
                <BranchPoint vc="0" uspid="48" ordinal="2" offset="85" path="0" offsetchain="" offsetend="87" />
                <BranchPoint vc="0" uspid="49" ordinal="3" offset="85" path="1" offsetchain="" offsetend="75" />
              </BranchPoints>
              <MethodPoint xsi:type="SequencePoint" vc="0" uspid="32" ordinal="0" offset="0" sl="32" sc="3" el="32" ec="4" bec="0" bev="0" fileid="4" />
            </Method>
            <Method visited="true" cyclomaticComplexity="3" sequenceCoverage="100" branchCoverage="80" isConstructor="false" isStatic="false" isGetter="false" isSetter="false">
              <Summary numSequencePoints="18" visitedSequencePoints="18" numBranchPoints="5" visitedBranchPoints="4" sequenceCoverage="100" branchCoverage="80" maxCyclomaticComplexity="3" minCyclomaticComplexity="3" />
              <MetadataToken>100663315</MetadataToken>
              <Name>System.Collections.Generic.List`1&lt;BazaarOfTheBizarre.Item&gt; BazaarOfTheBizarre.Store::itemFactory()</Name>
              <FileRef uid="4" />
              <SequencePoints>
                <SequencePoint vc="1" uspid="50" ordinal="0" offset="0" sl="47" sc="35" el="47" ec="36" bec="0" bev="0" fileid="4" />
                <SequencePoint vc="1" uspid="51" ordinal="1" offset="1" sl="48" sc="4" el="48" ec="43" bec="0" bev="0" fileid="4" />
                <SequencePoint vc="1" uspid="52" ordinal="2" offset="7" sl="49" sc="4" el="49" ec="56" bec="0" bev="0" fileid="4" />
                <SequencePoint vc="1" uspid="53" ordinal="3" offset="18" sl="50" sc="4" el="50" ec="28" bec="0" bev="0" fileid="4" />
                <SequencePoint vc="1" uspid="54" ordinal="4" offset="24" sl="51" sc="4" el="51" ec="39" bec="2" bev="1" fileid="4" />
                <SequencePoint vc="1" uspid="55" ordinal="5" offset="44" sl="52" sc="4" el="52" ec="5" bec="0" bev="0" fileid="4" />
                <SequencePoint vc="1" uspid="56" ordinal="6" offset="45" sl="53" sc="5" el="53" ec="45" bec="0" bev="0" fileid="4" />
                <SequencePoint vc="1" uspid="57" ordinal="7" offset="62" sl="54" sc="4" el="54" ec="5" bec="0" bev="0" fileid="4" />
                <SequencePoint vc="1" uspid="58" ordinal="8" offset="63" sl="55" sc="4" el="55" ec="34" bec="0" bev="0" fileid="4" />
                <SequencePoint vc="1" uspid="59" ordinal="9" offset="75" sl="56" sc="4" el="56" ec="48" bec="0" bev="0" fileid="4" />
                <SequencePoint vc="1" uspid="60" ordinal="10" offset="82" sl="57" sc="8" el="57" ec="18" bec="0" bev="0" fileid="4" />
                <SequencePoint vc="3" uspid="61" ordinal="11" offset="87" sl="58" sc="4" el="58" ec="5" bec="0" bev="0" fileid="4" />
                <SequencePoint vc="3" uspid="62" ordinal="12" offset="88" sl="59" sc="5" el="59" ec="63" bec="0" bev="0" fileid="4" />
                <SequencePoint vc="3" uspid="63" ordinal="13" offset="111" sl="60" sc="4" el="60" ec="5" bec="0" bev="0" fileid="4" />
                <SequencePoint vc="3" uspid="64" ordinal="14" offset="112" sl="57" sc="34" el="57" ec="37" bec="0" bev="0" fileid="4" />
                <SequencePoint vc="4" uspid="65" ordinal="15" offset="118" sl="57" sc="19" el="57" ec="32" bec="2" bev="2" fileid="4" />
                <SequencePoint vc="1" uspid="66" ordinal="16" offset="134" sl="61" sc="4" el="61" ec="20" bec="0" bev="0" fileid="4" />
                <SequencePoint vc="1" uspid="67" ordinal="17" offset="139" sl="62" sc="3" el="62" ec="4" bec="0" bev="0" fileid="4" />
              </SequencePoints>
              <BranchPoints>
                <BranchPoint vc="1" uspid="68" ordinal="0" offset="42" path="0" offsetchain="" offsetend="44" />
                <BranchPoint vc="0" uspid="69" ordinal="1" offset="42" path="1" offsetchain="" offsetend="63" />
                <BranchPoint vc="1" uspid="70" ordinal="2" offset="132" path="0" offsetchain="" offsetend="134" />
                <BranchPoint vc="3" uspid="71" ordinal="3" offset="132" path="1" offsetchain="" offsetend="87" />
              </BranchPoints>
              <MethodPoint xsi:type="SequencePoint" vc="1" uspid="50" ordinal="0" offset="0" sl="47" sc="35" el="47" ec="36" bec="0" bev="0" fileid="4" />
            </Method>
            <Method visited="false" cyclomaticComplexity="1" sequenceCoverage="0" branchCoverage="0" isConstructor="false" isStatic="false" isGetter="false" isSetter="false">
              <Summary numSequencePoints="2" visitedSequencePoints="0" numBranchPoints="1" visitedBranchPoints="0" sequenceCoverage="0" branchCoverage="0" maxCyclomaticComplexity="1" minCyclomaticComplexity="1" />
              <MetadataToken>100663316</MetadataToken>
              <Name>System.Void BazaarOfTheBizarre.Store::sellItems(BazaarOfTheBizarre.Item,BazaarOfTheBizarre.Customer)</Name>
              <FileRef uid="4" />
              <SequencePoints>
                <SequencePoint vc="0" uspid="72" ordinal="0" offset="0" sl="63" sc="45" el="63" ec="46" bec="0" bev="0" fileid="4" />
                <SequencePoint vc="0" uspid="73" ordinal="1" offset="1" sl="65" sc="3" el="65" ec="4" bec="0" bev="0" fileid="4" />
              </SequencePoints>
              <BranchPoints />
              <MethodPoint xsi:type="SequencePoint" vc="0" uspid="72" ordinal="0" offset="0" sl="63" sc="45" el="63" ec="46" bec="0" bev="0" fileid="4" />
            </Method>
          </Methods>
        </Class>
        <Class>
          <Summary numSequencePoints="5" visitedSequencePoints="5" numBranchPoints="2" visitedBranchPoints="2" sequenceCoverage="100" branchCoverage="100" maxCyclomaticComplexity="1" minCyclomaticComplexity="1" />
          <FullName>BazaarOfTheBizarre.StoreTest</FullName>
          <Methods>
            <Method visited="true" cyclomaticComplexity="1" sequenceCoverage="100" branchCoverage="100" isConstructor="false" isStatic="false" isGetter="false" isSetter="false">
              <Summary numSequencePoints="4" visitedSequencePoints="4" numBranchPoints="1" visitedBranchPoints="1" sequenceCoverage="100" branchCoverage="100" maxCyclomaticComplexity="1" minCyclomaticComplexity="1" />
              <MetadataToken>100663317</MetadataToken>
              <Name>System.Void BazaarOfTheBizarre.StoreTest::testingItemFactory()</Name>
              <FileRef uid="5" />
              <SequencePoints>
                <SequencePoint vc="1" uspid="74" ordinal="0" offset="0" sl="14" sc="3" el="14" ec="4" bec="0" bev="0" fileid="5" />
                <SequencePoint vc="1" uspid="75" ordinal="1" offset="1" sl="15" sc="4" el="15" ec="44" bec="0" bev="0" fileid="5" />
                <SequencePoint vc="1" uspid="76" ordinal="2" offset="13" sl="16" sc="4" el="16" ec="51" bec="0" bev="0" fileid="5" />
                <SequencePoint vc="1" uspid="77" ordinal="3" offset="36" sl="17" sc="3" el="17" ec="4" bec="0" bev="0" fileid="5" />
              </SequencePoints>
              <BranchPoints />
              <MethodPoint xsi:type="SequencePoint" vc="1" uspid="74" ordinal="0" offset="0" sl="14" sc="3" el="14" ec="4" bec="0" bev="0" fileid="5" />
            </Method>
            <Method visited="true" cyclomaticComplexity="1" sequenceCoverage="100" branchCoverage="100" isConstructor="true" isStatic="false" isGetter="false" isSetter="false">
              <Summary numSequencePoints="1" visitedSequencePoints="1" numBranchPoints="1" visitedBranchPoints="1" sequenceCoverage="100" branchCoverage="100" maxCyclomaticComplexity="1" minCyclomaticComplexity="1" />
              <MetadataToken>100663318</MetadataToken>
              <Name>System.Void BazaarOfTheBizarre.StoreTest::.ctor()</Name>
              <FileRef uid="5" />
              <SequencePoints>
                <SequencePoint vc="1" uspid="78" ordinal="0" offset="0" sl="10" sc="3" el="10" ec="46" bec="0" bev="0" fileid="5" />
              </SequencePoints>
              <BranchPoints />
              <MethodPoint xsi:type="SequencePoint" vc="1" uspid="78" ordinal="0" offset="0" sl="10" sc="3" el="10" ec="46" bec="0" bev="0" fileid="5" />
            </Method>
          </Methods>
        </Class>
      </Classes>
    </Module>
    <Module skippedDueTo="MissingPdb" hash="42-83-FE-A6-9F-01-8E-2C-E8-41-E9-25-3E-1E-0D-99-81-76-6B-C9">
      <FullName>C:\Users\Håvard\AppData\Local\Temp\nunit20\ShadowCopyCache\3000_636470532292406364\Tests_328972375\assembly\dl3\02ef20e7\00cfb072_dc3fd101\nunit.framework.dll</FullName>
      <ModuleName>nunit.framework</ModuleName>
      <Classes />
    </Module>
  </Modules>
</CoverageSession>